[2023-06-05 12:30:15,430][__main__][INFO] - Epoch: 0, kld loss: 0.04555485397577286, nll loss: 5.856295585632324, loss: 5.90185022354126, time: 2.6913633346557617s
[2023-06-05 12:30:15,431][__main__][INFO] - Best auc val: 0.0
[2023-06-05 12:30:15,431][__main__][INFO] - Best ap val: 0.3078553694496851
[2023-06-05 12:30:15,431][__main__][INFO] - Best auc test: 0.0
[2023-06-05 12:30:15,431][__main__][INFO] - Best ap test: 0.30902750683902175
[2023-06-05 12:30:15,714][__main__][INFO] - Best auc val: 0.0
[2023-06-05 12:30:15,714][__main__][INFO] - Best ap val: 0.3078553694496851
[2023-06-05 12:30:15,714][__main__][INFO] - Best auc test: 0.0
[2023-06-05 12:30:15,714][__main__][INFO] - Best ap test: 0.30902750683902175
[2023-06-05 12:30:15,988][__main__][INFO] - Best auc val: 0.0
[2023-06-05 12:30:15,988][__main__][INFO] - Best ap val: 0.3078553694496851
[2023-06-05 12:30:15,988][__main__][INFO] - Best auc test: 0.0
[2023-06-05 12:30:15,988][__main__][INFO] - Best ap test: 0.30902750683902175
[2023-06-05 12:30:16,286][__main__][INFO] - Best auc val: 0.0
[2023-06-05 12:30:16,287][__main__][INFO] - Best ap val: 0.3078553694496851
[2023-06-05 12:30:16,287][__main__][INFO] - Best auc test: 0.0
[2023-06-05 12:30:16,287][__main__][INFO] - Best ap test: 0.30902750683902175
[2023-06-05 12:30:16,473][__main__][INFO] - Best auc val: 0.0
[2023-06-05 12:30:16,473][__main__][INFO] - Best ap val: 0.3078553694496851
[2023-06-05 12:30:16,473][__main__][INFO] - Best auc test: 0.0
[2023-06-05 12:30:16,473][__main__][INFO] - Best ap test: 0.30902750683902175
[2023-06-05 12:30:16,558][__main__][INFO] - Best auc val: 0.0
[2023-06-05 12:30:16,558][__main__][INFO] - Best ap val: 0.3078553694496851
[2023-06-05 12:30:16,558][__main__][INFO] - Best auc test: 0.0
[2023-06-05 12:30:16,558][__main__][INFO] - Best ap test: 0.30902750683902175
[2023-06-05 12:30:16,786][__main__][INFO] - Best auc val: 0.0
[2023-06-05 12:30:16,786][__main__][INFO] - Best ap val: 0.3078553694496851
[2023-06-05 12:30:16,786][__main__][INFO] - Best auc test: 0.0
[2023-06-05 12:30:16,786][__main__][INFO] - Best ap test: 0.30902750683902175
[2023-06-05 12:30:17,048][__main__][INFO] - Best auc val: 0.0
[2023-06-05 12:30:17,049][__main__][INFO] - Best ap val: 0.3078553694496851
[2023-06-05 12:30:17,049][__main__][INFO] - Best auc test: 0.0
[2023-06-05 12:30:17,049][__main__][INFO] - Best ap test: 0.30902750683902175
[2023-06-05 12:30:17,349][__main__][INFO] - Best auc val: 0.0
[2023-06-05 12:30:17,349][__main__][INFO] - Best ap val: 0.3078553694496851
[2023-06-05 12:30:17,349][__main__][INFO] - Best auc test: 0.0
[2023-06-05 12:30:17,349][__main__][INFO] - Best ap test: 0.30902750683902175
[2023-06-05 12:30:17,637][__main__][INFO] - Best auc val: 0.0
[2023-06-05 12:30:17,637][__main__][INFO] - Best ap val: 0.3078553694496851
[2023-06-05 12:30:17,637][__main__][INFO] - Best auc test: 0.0
[2023-06-05 12:30:17,637][__main__][INFO] - Best ap test: 0.30902750683902175
[2023-06-05 12:30:17,719][__main__][INFO] - Best auc val: 0.0
[2023-06-05 12:30:17,719][__main__][INFO] - Best ap val: 0.3078553694496851
[2023-06-05 12:30:17,719][__main__][INFO] - Best auc test: 0.0
[2023-06-05 12:30:17,719][__main__][INFO] - Best ap test: 0.30902750683902175
[2023-06-05 12:30:17,872][__main__][INFO] - Best auc val: 0.0
[2023-06-05 12:30:17,872][__main__][INFO] - Best ap val: 0.3078553694496851
[2023-06-05 12:30:17,872][__main__][INFO] - Best auc test: 0.0
[2023-06-05 12:30:17,872][__main__][INFO] - Best ap test: 0.30902750683902175
[2023-06-05 12:30:18,141][__main__][INFO] - Best auc val: 0.0
[2023-06-05 12:30:18,141][__main__][INFO] - Best ap val: 0.3078553694496851
[2023-06-05 12:30:18,141][__main__][INFO] - Best auc test: 0.0
[2023-06-05 12:30:18,141][__main__][INFO] - Best ap test: 0.30902750683902175
[2023-06-05 12:30:18,442][__main__][INFO] - Best auc val: 0.0
[2023-06-05 12:30:18,442][__main__][INFO] - Best ap val: 0.3078553694496851
[2023-06-05 12:30:18,442][__main__][INFO] - Best auc test: 0.0
[2023-06-05 12:30:18,442][__main__][INFO] - Best ap test: 0.30902750683902175
[2023-06-05 12:30:18,738][__main__][INFO] - Best auc val: 0.0
[2023-06-05 12:30:18,739][__main__][INFO] - Best ap val: 0.3078553694496851
[2023-06-05 12:30:18,739][__main__][INFO] - Best auc test: 0.0
[2023-06-05 12:30:18,739][__main__][INFO] - Best ap test: 0.30902750683902175
[2023-06-05 12:30:18,874][__main__][INFO] - Best auc val: 0.0
[2023-06-05 12:30:18,874][__main__][INFO] - Best ap val: 0.3078553694496851
[2023-06-05 12:30:18,874][__main__][INFO] - Best auc test: 0.0
[2023-06-05 12:30:18,874][__main__][INFO] - Best ap test: 0.30902750683902175
[2023-06-05 12:30:18,956][__main__][INFO] - Best auc val: 0.0
[2023-06-05 12:30:18,956][__main__][INFO] - Best ap val: 0.3078553694496851
[2023-06-05 12:30:18,956][__main__][INFO] - Best auc test: 0.0
[2023-06-05 12:30:18,956][__main__][INFO] - Best ap test: 0.30902750683902175
[2023-06-05 12:30:19,190][__main__][INFO] - Best auc val: 0.0
[2023-06-05 12:30:19,190][__main__][INFO] - Best ap val: 0.3078553694496851
[2023-06-05 12:30:19,190][__main__][INFO] - Best auc test: 0.0
[2023-06-05 12:30:19,190][__main__][INFO] - Best ap test: 0.30902750683902175
[2023-06-05 12:30:19,459][__main__][INFO] - Best auc val: 0.0
[2023-06-05 12:30:19,459][__main__][INFO] - Best ap val: 0.3078553694496851
[2023-06-05 12:30:19,459][__main__][INFO] - Best auc test: 0.0
[2023-06-05 12:30:19,460][__main__][INFO] - Best ap test: 0.30902750683902175
[2023-06-05 12:30:19,758][__main__][INFO] - Best auc val: 0.0
[2023-06-05 12:30:19,758][__main__][INFO] - Best ap val: 0.3078553694496851
[2023-06-05 12:30:19,758][__main__][INFO] - Best auc test: 0.0
[2023-06-05 12:30:19,758][__main__][INFO] - Best ap test: 0.30902750683902175
[2023-06-05 12:30:20,392][__main__][INFO] - Epoch: 20, kld loss: 0.10933335870504379, nll loss: 5.3029279708862305, loss: 5.412261486053467, time: 0.633981466293335s
[2023-06-05 12:30:20,392][__main__][INFO] - Best auc val: 0.8739620534542643
[2023-06-05 12:30:20,393][__main__][INFO] - Best ap val: 0.9331825994477961
[2023-06-05 12:30:20,393][__main__][INFO] - Best auc test: 0.8090774654237505
[2023-06-05 12:30:20,393][__main__][INFO] - Best ap test: 0.8968402309335651
[2023-06-05 12:30:20,666][__main__][INFO] - Best auc val: 0.8739620534542643
[2023-06-05 12:30:20,666][__main__][INFO] - Best ap val: 0.9331825994477961
[2023-06-05 12:30:20,666][__main__][INFO] - Best auc test: 0.8090774654237505
[2023-06-05 12:30:20,666][__main__][INFO] - Best ap test: 0.8968402309335651
[2023-06-05 12:30:20,966][__main__][INFO] - Best auc val: 0.8739620534542643
[2023-06-05 12:30:20,966][__main__][INFO] - Best ap val: 0.9331825994477961
[2023-06-05 12:30:20,966][__main__][INFO] - Best auc test: 0.8090774654237505
[2023-06-05 12:30:20,966][__main__][INFO] - Best ap test: 0.8968402309335651
[2023-06-05 12:30:21,176][__main__][INFO] - Best auc val: 0.8739620534542643
[2023-06-05 12:30:21,176][__main__][INFO] - Best ap val: 0.9331825994477961
[2023-06-05 12:30:21,176][__main__][INFO] - Best auc test: 0.8090774654237505
[2023-06-05 12:30:21,176][__main__][INFO] - Best ap test: 0.8968402309335651
[2023-06-05 12:30:21,256][__main__][INFO] - Best auc val: 0.8739620534542643
[2023-06-05 12:30:21,256][__main__][INFO] - Best ap val: 0.9331825994477961
[2023-06-05 12:30:21,256][__main__][INFO] - Best auc test: 0.8090774654237505
[2023-06-05 12:30:21,256][__main__][INFO] - Best ap test: 0.8968402309335651
[2023-06-05 12:30:21,480][__main__][INFO] - Best auc val: 0.8739620534542643
[2023-06-05 12:30:21,480][__main__][INFO] - Best ap val: 0.9331825994477961
[2023-06-05 12:30:21,480][__main__][INFO] - Best auc test: 0.8090774654237505
[2023-06-05 12:30:21,480][__main__][INFO] - Best ap test: 0.8968402309335651
[2023-06-05 12:30:21,741][__main__][INFO] - Best auc val: 0.8739620534542643
[2023-06-05 12:30:21,741][__main__][INFO] - Best ap val: 0.9331825994477961
[2023-06-05 12:30:21,741][__main__][INFO] - Best auc test: 0.8090774654237505
[2023-06-05 12:30:21,741][__main__][INFO] - Best ap test: 0.8968402309335651
[2023-06-05 12:30:22,040][__main__][INFO] - Best auc val: 0.8739620534542643
[2023-06-05 12:30:22,040][__main__][INFO] - Best ap val: 0.9331825994477961
[2023-06-05 12:30:22,040][__main__][INFO] - Best auc test: 0.8090774654237505
[2023-06-05 12:30:22,040][__main__][INFO] - Best ap test: 0.8968402309335651
[2023-06-05 12:30:22,337][__main__][INFO] - Best auc val: 0.8739620534542643
[2023-06-05 12:30:22,337][__main__][INFO] - Best ap val: 0.9331825994477961
[2023-06-05 12:30:22,337][__main__][INFO] - Best auc test: 0.8090774654237505
[2023-06-05 12:30:22,337][__main__][INFO] - Best ap test: 0.8968402309335651
[2023-06-05 12:30:22,418][__main__][INFO] - Best auc val: 0.8739620534542643
[2023-06-05 12:30:22,418][__main__][INFO] - Best ap val: 0.9331825994477961
[2023-06-05 12:30:22,418][__main__][INFO] - Best auc test: 0.8090774654237505
[2023-06-05 12:30:22,418][__main__][INFO] - Best ap test: 0.8968402309335651
[2023-06-05 12:30:22,541][__main__][INFO] - Best auc val: 0.8739620534542643
[2023-06-05 12:30:22,542][__main__][INFO] - Best ap val: 0.9331825994477961
[2023-06-05 12:30:22,542][__main__][INFO] - Best auc test: 0.8090774654237505
[2023-06-05 12:30:22,542][__main__][INFO] - Best ap test: 0.8968402309335651
[2023-06-05 12:30:22,818][__main__][INFO] - Best auc val: 0.8739620534542643
[2023-06-05 12:30:22,818][__main__][INFO] - Best ap val: 0.9331825994477961
[2023-06-05 12:30:22,819][__main__][INFO] - Best auc test: 0.8090774654237505
[2023-06-05 12:30:22,819][__main__][INFO] - Best ap test: 0.8968402309335651
[2023-06-05 12:30:23,093][__main__][INFO] - Best auc val: 0.8739620534542643
[2023-06-05 12:30:23,093][__main__][INFO] - Best ap val: 0.9331825994477961
[2023-06-05 12:30:23,093][__main__][INFO] - Best auc test: 0.8090774654237505
[2023-06-05 12:30:23,093][__main__][INFO] - Best ap test: 0.8968402309335651
[2023-06-05 12:30:23,392][__main__][INFO] - Best auc val: 0.8739620534542643
[2023-06-05 12:30:23,393][__main__][INFO] - Best ap val: 0.9331825994477961
[2023-06-05 12:30:23,393][__main__][INFO] - Best auc test: 0.8090774654237505
[2023-06-05 12:30:23,393][__main__][INFO] - Best ap test: 0.8968402309335651
[2023-06-05 12:30:23,573][__main__][INFO] - Best auc val: 0.8739620534542643
[2023-06-05 12:30:23,574][__main__][INFO] - Best ap val: 0.9331825994477961
[2023-06-05 12:30:23,574][__main__][INFO] - Best auc test: 0.8090774654237505
[2023-06-05 12:30:23,574][__main__][INFO] - Best ap test: 0.8968402309335651
[2023-06-05 12:30:23,659][__main__][INFO] - Best auc val: 0.8739620534542643
[2023-06-05 12:30:23,659][__main__][INFO] - Best ap val: 0.9331825994477961
[2023-06-05 12:30:23,659][__main__][INFO] - Best auc test: 0.8090774654237505
[2023-06-05 12:30:23,659][__main__][INFO] - Best ap test: 0.8968402309335651
[2023-06-05 12:30:23,885][__main__][INFO] - Best auc val: 0.8739620534542643
[2023-06-05 12:30:23,885][__main__][INFO] - Best ap val: 0.9331825994477961
[2023-06-05 12:30:23,885][__main__][INFO] - Best auc test: 0.8090774654237505
[2023-06-05 12:30:23,885][__main__][INFO] - Best ap test: 0.8968402309335651
[2023-06-05 12:30:24,147][__main__][INFO] - Best auc val: 0.8739620534542643
[2023-06-05 12:30:24,147][__main__][INFO] - Best ap val: 0.9331825994477961
[2023-06-05 12:30:24,147][__main__][INFO] - Best auc test: 0.8090774654237505
[2023-06-05 12:30:24,147][__main__][INFO] - Best ap test: 0.8968402309335651
[2023-06-05 12:30:24,445][__main__][INFO] - Best auc val: 0.8739620534542643
[2023-06-05 12:30:24,445][__main__][INFO] - Best ap val: 0.9331825994477961
[2023-06-05 12:30:24,445][__main__][INFO] - Best auc test: 0.8090774654237505
[2023-06-05 12:30:24,445][__main__][INFO] - Best ap test: 0.8968402309335651
[2023-06-05 12:30:24,736][__main__][INFO] - Best auc val: 0.8739620534542643
[2023-06-05 12:30:24,736][__main__][INFO] - Best ap val: 0.9331825994477961
[2023-06-05 12:30:24,736][__main__][INFO] - Best auc test: 0.8090774654237505
[2023-06-05 12:30:24,736][__main__][INFO] - Best ap test: 0.8968402309335651
[2023-06-05 12:30:25,181][__main__][INFO] - Epoch: 40, kld loss: 0.06974640488624573, nll loss: 5.260410785675049, loss: 5.330157279968262, time: 0.44525766372680664s
[2023-06-05 12:30:25,181][__main__][INFO] - Best auc val: 0.8895448602668529
[2023-06-05 12:30:25,182][__main__][INFO] - Best ap val: 0.9411146319500396
[2023-06-05 12:30:25,182][__main__][INFO] - Best auc test: 0.8376760001552869
[2023-06-05 12:30:25,182][__main__][INFO] - Best ap test: 0.9127105347299521
[2023-06-05 12:30:25,481][__main__][INFO] - Best auc val: 0.8895448602668529
[2023-06-05 12:30:25,481][__main__][INFO] - Best ap val: 0.9411146319500396
[2023-06-05 12:30:25,481][__main__][INFO] - Best auc test: 0.8376760001552869
[2023-06-05 12:30:25,481][__main__][INFO] - Best ap test: 0.9127105347299521
[2023-06-05 12:30:25,779][__main__][INFO] - Best auc val: 0.8895448602668529
[2023-06-05 12:30:25,779][__main__][INFO] - Best ap val: 0.9411146319500396
[2023-06-05 12:30:25,779][__main__][INFO] - Best auc test: 0.8376760001552869
[2023-06-05 12:30:25,779][__main__][INFO] - Best ap test: 0.9127105347299521
[2023-06-05 12:30:25,882][__main__][INFO] - Best auc val: 0.8895448602668529
[2023-06-05 12:30:25,882][__main__][INFO] - Best ap val: 0.9411146319500396
[2023-06-05 12:30:25,882][__main__][INFO] - Best auc test: 0.8376760001552869
[2023-06-05 12:30:25,882][__main__][INFO] - Best ap test: 0.9127105347299521
[2023-06-05 12:30:25,967][__main__][INFO] - Best auc val: 0.8895448602668529
[2023-06-05 12:30:25,967][__main__][INFO] - Best ap val: 0.9411146319500396
[2023-06-05 12:30:25,967][__main__][INFO] - Best auc test: 0.8376760001552869
[2023-06-05 12:30:25,967][__main__][INFO] - Best ap test: 0.9127105347299521
